<?xml version="1.0" encoding="UTF-8"?>
<!-- Generated by org.testng.reporters.JUnitXMLReporter -->
<testsuite hostname="arinsark-ws" name="SafariTest" tests="1" failures="0" timestamp="30 Sep 2014 05:25:09 GMT" time="37.897" errors="0">
  <testcase name="@BeforeTest setUp" time="0.0" classname="com.ldlapp.modules.LDL_SeleniumSampleAutomationTestNg">
    <failure type="java.lang.IndexOutOfBoundsException" message="Index: 2, Size: 2">
      <![CDATA[java.lang.IndexOutOfBoundsException: Index: 2, Size: 2
	at java.util.ArrayList.RangeCheck(ArrayList.java:547)
	at java.util.ArrayList.get(ArrayList.java:322)
	at com.ldlapp.modules.LDL_SeleniumSampleAutomationTestNg.setUp(LDL_SeleniumSampleAutomationTestNg.java:67)
	at java.util.concurrent.FutureTask$Sync.innerRun(FutureTask.java:303)
	at java.util.concurrent.FutureTask.run(FutureTask.java:138)
	at java.util.concurrent.ThreadPoolExecutor$Worker.runTask(ThreadPoolExecutor.java:885)
	at java.util.concurrent.ThreadPoolExecutor$Worker.run(ThreadPoolExecutor.java:907)
	at java.lang.Thread.run(Thread.java:619)
... Removed 14 stack frames]]>
    </failure>
  </testcase> <!-- @BeforeTest setUp -->
  <testcase name="@AfterTest tearDown" time="0.0" classname="com.ldlapp.modules.LDL_SeleniumSampleAutomationTestNg">
    <skipped/>
  </testcase> <!-- @AfterTest tearDown -->
  <testcase name="testCaseExecution" time="0.0030" classname="com.ldlapp.modules.LDL_SeleniumSampleAutomationTestNg">
    <skipped/>
  </testcase> <!-- testCaseExecution -->
</testsuite> <!-- SafariTest -->
